>>1.const/volatile 定义常量
    int const/volatile *p=&i;
    可改变指针指向的地址，但不能改变指针指向的值
    int *const/volatile p=&i;
    可改变指针指向的值，但不能改变指针指向的地址
>>2.const 定义类内部常量__不能直接初始化，只能在构造函数中通过数列初始化
    A::A(int x,int y):m_x(x),m_y(y){    };
    或者在从const前加上static
>>3.存储器/寄存器
    存储器映射就是为物理内存按一定编码规则分配地址的行为
    给已分配好地址(通过存储器映射实现)的有特定功能的内存单元取别名的过程就叫寄存器映射
>>4.volatile
    类型修饰符--其声明变量可以被编译器无法未知的因素更改（操作系统、硬件、其他线程）
    使编译器对该变量的代码不再优化
>>5.CmakeLists.txt
    CmakeLists.txt告诉CMake如何构建你的软件，所有的包含在CmakeLists.txt中的cpp文件都会被编译运行
    如果有哪个文件不想被编译，可以在CMakeLists.txt中注释掉
>>6.mutable
    mutable修饰的变量，即使在const函数中也可以被修改
>>7.存储类
    管理对象生存期、链接、内存位置的类型说明符，用于指定变量或函数的存储方式，放在修饰的变量类型前，包括：
    auto:自动变量
    register:寄存器变量
    static:静态变量,仅适用于类的对象/静态成员变量/全局变量
    extern:外部变量，用于当前文件中引用其他文件的全局变量
    mutable:可变的
    thread_local:线程局部变量，仅在其上创建的线程可访问，随线程创建和销毁
                 仅用于数据声明和定义，不能用于函数声明和定义
>>8.:: 作用域解析运算符
    用于在类的外部定义类的成员函数
    用于在类的内部定义类的静态成员变量
    用于在类的内部定义类的静态成员函数